<?xml version="1.0" encoding="UTF-8"?>
<!-- Generated by org.testng.reporters.JUnitReportReporter -->
<testsuite hostname="Abhinavs-MacBook-Air.local" failures="0" tests="1" name="TestCase.LoginTC_001" time="16.828" errors="0" timestamp="2022-10-19T01:30:13 IST" skipped="0">
  <testcase classname="TestCase.LoginTC_001" name="Login" time="16.828"/>
  <system-out/>
</testsuite> <!-- TestCase.LoginTC_001 -->
